<?xml version="1.0" encoding="UTF-8"?>
<testng-results skipped="0" failed="1" ignored="0" total="4" passed="3">
  <reporter-output>
  </reporter-output>
  <suite name="Default suite" duration-ms="27822" started-at="2018-12-22T08:04:32Z" finished-at="2018-12-22T08:04:59Z">
    <groups>
    </groups>
    <test name="Default test" duration-ms="27822" started-at="2018-12-22T08:04:32Z" finished-at="2018-12-22T08:04:59Z">
      <class name="failureandpassandskippscreenshots.FailAndPassAndSkipp">
        <test-method status="PASS" signature="setup()[pri:0, instance:failureandpassandskippscreenshots.FailAndPassAndSkipp@5f3a4b84]" name="setup" is-config="true" duration-ms="6796" started-at="2018-12-22T08:04:32Z" finished-at="2018-12-22T08:04:38Z">
          <reporter-output>
          </reporter-output>
        </test-method> <!-- setup -->
        <test-method status="PASS" signature="homepage()[pri:0, instance:failureandpassandskippscreenshots.FailAndPassAndSkipp@5f3a4b84]" name="homepage" duration-ms="22" started-at="2018-12-22T08:04:38Z" finished-at="2018-12-22T08:04:38Z">
          <reporter-output>
          </reporter-output>
        </test-method> <!-- homepage -->
        <test-method status="PASS" signature="tearDown()[pri:0, instance:failureandpassandskippscreenshots.FailAndPassAndSkipp@5f3a4b84]" name="tearDown" is-config="true" duration-ms="894" started-at="2018-12-22T08:04:38Z" finished-at="2018-12-22T08:04:39Z">
          <reporter-output>
          </reporter-output>
        </test-method> <!-- tearDown -->
        <test-method status="PASS" signature="setup()[pri:0, instance:failureandpassandskippscreenshots.FailAndPassAndSkipp@5f3a4b84]" name="setup" is-config="true" duration-ms="5250" started-at="2018-12-22T08:04:39Z" finished-at="2018-12-22T08:04:45Z">
          <reporter-output>
          </reporter-output>
        </test-method> <!-- setup -->
        <test-method status="PASS" signature="regpage()[pri:0, instance:failureandpassandskippscreenshots.FailAndPassAndSkipp@5f3a4b84]" name="regpage" duration-ms="2" started-at="2018-12-22T08:04:45Z" finished-at="2018-12-22T08:04:45Z">
          <reporter-output>
          </reporter-output>
        </test-method> <!-- regpage -->
        <test-method status="PASS" signature="tearDown()[pri:0, instance:failureandpassandskippscreenshots.FailAndPassAndSkipp@5f3a4b84]" name="tearDown" is-config="true" duration-ms="788" started-at="2018-12-22T08:04:45Z" finished-at="2018-12-22T08:04:45Z">
          <reporter-output>
          </reporter-output>
        </test-method> <!-- tearDown -->
        <test-method status="PASS" signature="setup()[pri:0, instance:failureandpassandskippscreenshots.FailAndPassAndSkipp@5f3a4b84]" name="setup" is-config="true" duration-ms="6366" started-at="2018-12-22T08:04:45Z" finished-at="2018-12-22T08:04:52Z">
          <reporter-output>
          </reporter-output>
        </test-method> <!-- setup -->
        <test-method status="FAIL" signature="logout()[pri:0, instance:failureandpassandskippscreenshots.FailAndPassAndSkipp@5f3a4b84]" name="logout" duration-ms="3" started-at="2018-12-22T08:04:52Z" finished-at="2018-12-22T08:04:52Z">
          <exception class="java.lang.AssertionError">
            <message>
              <![CDATA[expected [true] but found [false]]]>
            </message>
            <full-stacktrace>
              <![CDATA[java.lang.AssertionError: expected [true] but found [false]
at org.testng.Assert.fail(Assert.java:96)
at org.testng.Assert.failNotEquals(Assert.java:776)
at org.testng.Assert.assertEqualsImpl(Assert.java:137)
at org.testng.Assert.assertEquals(Assert.java:118)
at org.testng.Assert.assertEquals(Assert.java:568)
at org.testng.Assert.assertEquals(Assert.java:578)
at failureandpassandskippscreenshots.FailAndPassAndSkipp.logout(FailAndPassAndSkipp.java:83)
at sun.reflect.NativeMethodAccessorImpl.invoke0(Native Method)
at sun.reflect.NativeMethodAccessorImpl.invoke(Unknown Source)
at sun.reflect.DelegatingMethodAccessorImpl.invoke(Unknown Source)
at java.lang.reflect.Method.invoke(Unknown Source)
at org.testng.internal.MethodInvocationHelper.invokeMethod(MethodInvocationHelper.java:124)
at org.testng.internal.Invoker.invokeMethod(Invoker.java:580)
at org.testng.internal.Invoker.invokeTestMethod(Invoker.java:716)
at org.testng.internal.Invoker.invokeTestMethods(Invoker.java:988)
at org.testng.internal.TestMethodWorker.invokeTestMethods(TestMethodWorker.java:125)
at org.testng.internal.TestMethodWorker.run(TestMethodWorker.java:109)
at org.testng.TestRunner.privateRun(TestRunner.java:648)
at org.testng.TestRunner.run(TestRunner.java:505)
at org.testng.SuiteRunner.runTest(SuiteRunner.java:455)
at org.testng.SuiteRunner.runSequentially(SuiteRunner.java:450)
at org.testng.SuiteRunner.privateRun(SuiteRunner.java:415)
at org.testng.SuiteRunner.run(SuiteRunner.java:364)
at org.testng.SuiteRunnerWorker.runSuite(SuiteRunnerWorker.java:52)
at org.testng.SuiteRunnerWorker.run(SuiteRunnerWorker.java:84)
at org.testng.TestNG.runSuitesSequentially(TestNG.java:1208)
at org.testng.TestNG.runSuitesLocally(TestNG.java:1137)
at org.testng.TestNG.runSuites(TestNG.java:1049)
at org.testng.TestNG.run(TestNG.java:1017)
at org.testng.remote.AbstractRemoteTestNG.run(AbstractRemoteTestNG.java:114)
at org.testng.remote.RemoteTestNG.initAndRun(RemoteTestNG.java:251)
at org.testng.remote.RemoteTestNG.main(RemoteTestNG.java:77)
]]>
            </full-stacktrace>
          </exception> <!-- java.lang.AssertionError -->
          <reporter-output>
          </reporter-output>
        </test-method> <!-- logout -->
        <test-method status="PASS" signature="tearDown()[pri:0, instance:failureandpassandskippscreenshots.FailAndPassAndSkipp@5f3a4b84]" name="tearDown" is-config="true" duration-ms="1282" started-at="2018-12-22T08:04:52Z" finished-at="2018-12-22T08:04:54Z">
          <reporter-output>
          </reporter-output>
        </test-method> <!-- tearDown -->
        <test-method status="PASS" signature="setup()[pri:0, instance:failureandpassandskippscreenshots.FailAndPassAndSkipp@5f3a4b84]" name="setup" is-config="true" duration-ms="4812" started-at="2018-12-22T08:04:54Z" finished-at="2018-12-22T08:04:58Z">
          <reporter-output>
          </reporter-output>
        </test-method> <!-- setup -->
        <test-method status="PASS" signature="loginpage()[pri:0, instance:failureandpassandskippscreenshots.FailAndPassAndSkipp@5f3a4b84]" name="loginpage" duration-ms="5" started-at="2018-12-22T08:04:58Z" depends-on-methods="failureandpassandskippscreenshots.FailAndPassAndSkipp.regpage" finished-at="2018-12-22T08:04:58Z">
          <reporter-output>
          </reporter-output>
        </test-method> <!-- loginpage -->
        <test-method status="PASS" signature="tearDown()[pri:0, instance:failureandpassandskippscreenshots.FailAndPassAndSkipp@5f3a4b84]" name="tearDown" is-config="true" duration-ms="987" started-at="2018-12-22T08:04:58Z" finished-at="2018-12-22T08:04:59Z">
          <reporter-output>
          </reporter-output>
        </test-method> <!-- tearDown -->
      </class> <!-- failureandpassandskippscreenshots.FailAndPassAndSkipp -->
    </test> <!-- Default test -->
  </suite> <!-- Default suite -->
</testng-results>
